<?xml version="1.0" encoding="UTF-8"?>
<testsuite name="com.example.aitailorapp.ExampleUnitTest" tests="1" skipped="0" failures="0" errors="0" timestamp="2023-02-14T07:32:38" hostname="Ghufrans-MacBook-Pro.local" time="0.006">
  <properties/>
  <testcase name="addition_isCorrect" classname="com.example.aitailorapp.ExampleUnitTest" time="0.006"/>
  <system-out><![CDATA[]]></system-out>
  <system-err><![CDATA[]]></system-err>
</testsuite>
